<?xml version="1.0" encoding="UTF-8"?>
<!-- Generated by org.testng.reporters.JUnitReportReporter -->
<testsuite hostname="DESKTOP-A3DO6K2" failures="0" tests="1" name="Data.TestNG_Example.TelevisonTest" time="0.001" errors="0" timestamp="2022-07-27T21:21:28 IST" skipped="0">
  <testcase classname="Data.TestNG_Example.TelevisonTest" name="onidaTv" time="0.001"/>
  <system-out/>
</testsuite> <!-- Data.TestNG_Example.TelevisonTest -->
