<?xml version="1.0" encoding="UTF-8"?>
<!-- Generated by org.testng.reporters.JUnitReportReporter -->
<testsuite hostname="DESKTOP-A3DO6K2" failures="0" tests="1" name="Data.TestNG_Example.LaptopTest" time="0.007" errors="0" timestamp="2022-07-27T21:21:28 IST" skipped="0">
  <testcase classname="Data.TestNG_Example.LaptopTest" name="lenovoTest" time="0.007"/>
  <system-out/>
</testsuite> <!-- Data.TestNG_Example.LaptopTest -->
