<?xml version="1.0" encoding="UTF-8"?>
<!-- Generated by org.testng.reporters.JUnitReportReporter -->
<testsuite hostname="DESKTOP-A3DO6K2" failures="0" tests="2" name="Data.TestNG_Example.ParallelExecutionExample" time="15.972" errors="0" timestamp="2022-08-01T21:35:42 IST" skipped="0">
  <testcase classname="Data.TestNG_Example.ParallelExecutionExample" name="methodTwo" time="7.251"/>
  <system-out/>
  <testcase classname="Data.TestNG_Example.ParallelExecutionExample" name="methodOne" time="8.721"/>
  <system-out/>
</testsuite> <!-- Data.TestNG_Example.ParallelExecutionExample -->
