<?xml version="1.0" encoding="UTF-8"?>
<!-- Generated by org.testng.reporters.JUnitReportReporter -->
<testsuite hostname="DESKTOP-A3DO6K2" failures="0" tests="1" name="Data.TestNG_Example.ExceptionExample" time="0.006" errors="0" timestamp="2022-08-01T21:31:04 IST" skipped="0">
  <testcase classname="Data.TestNG_Example.ExceptionExample" name="example" time="0.006"/>
  <system-out/>
</testsuite> <!-- Data.TestNG_Example.ExceptionExample -->
