<?xml version="1.0" encoding="UTF-8"?>
<!-- Generated by org.testng.reporters.JUnitReportReporter -->
<testsuite hostname="DESKTOP-A3DO6K2" failures="0" tests="1" name="Data.TestNG_Example.TimeOutsExample" time="4.558" errors="0" timestamp="2022-08-02T20:58:43 IST" skipped="0">
  <testcase classname="Data.TestNG_Example.TimeOutsExample" name="timeOutExample" time="4.558"/>
  <system-out/>
</testsuite> <!-- Data.TestNG_Example.TimeOutsExample -->
