<?xml version="1.0" encoding="UTF-8"?>
<!-- Generated by org.testng.reporters.JUnitReportReporter -->
<testsuite hostname="DESKTOP-A3DO6K2" failures="0" tests="1" name="Data.TestNG_Example.ParameterExample" time="6.382" errors="0" timestamp="2022-07-28T21:27:54 IST" skipped="0">
  <testcase classname="Data.TestNG_Example.ParameterExample" name="methodOne" time="6.382"/>
  <system-out/>
</testsuite> <!-- Data.TestNG_Example.ParameterExample -->
