<?xml version="1.0" encoding="UTF-8"?>
<!-- Generated by org.testng.reporters.JUnitReportReporter -->
<testsuite hostname="DESKTOP-A3DO6K2" failures="0" tests="3" name="Data.TestNG_Example.DataProvider" time="17.328" errors="0" timestamp="2022-07-28T21:15:15 IST" skipped="0">
  <testcase classname="Data.TestNG_Example.DataProvider" name="methodOne" time="5.980"/>
  <system-out/>
  <testcase classname="Data.TestNG_Example.DataProvider" name="methodOne" time="5.741"/>
  <system-out/>
  <testcase classname="Data.TestNG_Example.DataProvider" name="methodOne" time="5.607"/>
  <system-out/>
</testsuite> <!-- Data.TestNG_Example.DataProvider -->
