<?xml version="1.0" encoding="UTF-8"?>
<!-- Generated by org.testng.reporters.JUnitReportReporter -->
<testsuite hostname="DESKTOP-A3DO6K2" failures="0" tests="3" name="Data.TestNG_Example.MobileTest" time="0.019" errors="0" timestamp="2022-07-27T21:21:28 IST" skipped="0">
  <testcase classname="Data.TestNG_Example.MobileTest" name="lenovo" time="0.016"/>
  <system-out/>
  <testcase classname="Data.TestNG_Example.MobileTest" name="mobileSearch" time="0.001"/>
  <system-out/>
  <testcase classname="Data.TestNG_Example.MobileTest" name="motorolla" time="0.002"/>
  <system-out/>
</testsuite> <!-- Data.TestNG_Example.MobileTest -->
