<?xml version="1.0" encoding="UTF-8"?>
<!-- Generated by org.testng.reporters.JUnitReportReporter -->
<testsuite hostname="DESKTOP-A3DO6K2" failures="0" tests="1" name="Data.TestNG_Example.LisernCall" time="4.489" errors="0" timestamp="2022-08-01T21:29:51 IST" skipped="0">
  <testcase classname="Data.TestNG_Example.LisernCall" name="example" time="4.489"/>
  <system-out/>
</testsuite> <!-- Data.TestNG_Example.LisernCall -->
